<?xml version="1.0" encoding="UTF-8"?>
<testng-results skipped="0" failed="0" ignored="0" total="1" passed="1">
  <reporter-output>
  </reporter-output>
  <suite name="Default suite" duration-ms="15544" started-at="2020-05-21T12:00:51Z" finished-at="2020-05-21T12:01:07Z">
    <groups>
    </groups>
    <test name="Default test" duration-ms="15544" started-at="2020-05-21T12:00:51Z" finished-at="2020-05-21T12:01:07Z">
      <class name="com.ninetex.Amazon">
        <test-method status="PASS" signature="setupClass()[pri:0, instance:com.ninetex.Amazon@6a4f787b]" name="setupClass" is-config="true" duration-ms="2050" started-at="2020-05-21T12:00:51Z" finished-at="2020-05-21T12:00:53Z">
          <reporter-output>
          </reporter-output>
        </test-method> <!-- setupClass -->
        <test-method status="PASS" signature="setupTest()[pri:0, instance:com.ninetex.Amazon@6a4f787b]" name="setupTest" is-config="true" duration-ms="2687" started-at="2020-05-21T12:00:53Z" finished-at="2020-05-21T12:00:56Z">
          <reporter-output>
          </reporter-output>
        </test-method> <!-- setupTest -->
        <test-method status="PASS" signature="test()[pri:0, instance:com.ninetex.Amazon@6a4f787b]" name="test" duration-ms="10012" started-at="2020-05-21T12:00:56Z" finished-at="2020-05-21T12:01:06Z">
          <reporter-output>
          </reporter-output>
        </test-method> <!-- test -->
        <test-method status="PASS" signature="teardown()[pri:0, instance:com.ninetex.Amazon@6a4f787b]" name="teardown" is-config="true" duration-ms="771" started-at="2020-05-21T12:01:06Z" finished-at="2020-05-21T12:01:07Z">
          <reporter-output>
          </reporter-output>
        </test-method> <!-- teardown -->
      </class> <!-- com.ninetex.Amazon -->
    </test> <!-- Default test -->
  </suite> <!-- Default suite -->
</testng-results>
