<?xml version="1.0" encoding="UTF-8"?>
<testng-results skipped="0" failed="0" ignored="0" total="1" passed="1">
  <reporter-output>
  </reporter-output>
  <suite name="Default suite" duration-ms="13890" started-at="2019-09-26T11:31:36Z" finished-at="2019-09-26T11:31:50Z">
    <groups>
    </groups>
    <test name="Default test" duration-ms="13890" started-at="2019-09-26T11:31:36Z" finished-at="2019-09-26T11:31:50Z">
      <class name="com.openBrowser.ChromeBrowser">
        <test-method status="PASS" signature="openChromeBrowser()[pri:0, instance:com.openBrowser.ChromeBrowser@6f7fd0e6]" name="openChromeBrowser" duration-ms="13867" started-at="2019-09-26T11:31:36Z" finished-at="2019-09-26T11:31:50Z">
          <reporter-output>
          </reporter-output>
        </test-method> <!-- openChromeBrowser -->
      </class> <!-- com.openBrowser.ChromeBrowser -->
    </test> <!-- Default test -->
  </suite> <!-- Default suite -->
</testng-results>
